app/seeds.txt
akturk.maktek.BuildConfig
akturk.maktek.BuildConfig: boolean DEBUG
akturk.maktek.BuildConfig: java.lang.String PACKAGE_NAME
akturk.maktek.BuildConfig: java.lang.String BUILD_TYPE
akturk.maktek.BuildConfig: java.lang.String FLAVOR
akturk.maktek.BuildConfig: int VERSION_CODE
akturk.maktek.BuildConfig: java.lang.String VERSION_NAME
akturk.maktek.BuildConfig: BuildConfig()
akturk.maktek.R
akturk.maktek.R: R()
akturk.maktek.R$array
akturk.maktek.R$array: int media_partners_icon_array
akturk.maktek.R$array: int navigation_icon_array
akturk.maktek.R$array: int navigation_title_array
akturk.maktek.R$array: int sub_navigation_contact_array
akturk.maktek.R$array: int sub_navigation_exhibitors_array
akturk.maktek.R$array: int sub_navigation_press_array
akturk.maktek.R$array: int sub_navigation_transportation_array
akturk.maktek.R$array: R$array()
akturk.maktek.R$attr
akturk.maktek.R$attr: int adSize
akturk.maktek.R$attr: int adSizes
akturk.maktek.R$attr: int adUnitId
akturk.maktek.R$attr: int border_color
akturk.maktek.R$attr: int border_width
akturk.maktek.R$attr: int buyButtonAppearance
akturk.maktek.R$attr: int buyButtonHeight
akturk.maktek.R$attr: int buyButtonText
akturk.maktek.R$attr: int buyButtonWidth
akturk.maktek.R$attr: int cameraBearing
akturk.maktek.R$attr: int cameraTargetLat
akturk.maktek.R$attr: int cameraTargetLng
akturk.maktek.R$attr: int cameraTilt
akturk.maktek.R$attr: int cameraZoom
akturk.maktek.R$attr: int click_remove_id
akturk.maktek.R$attr: int collapsed_height
akturk.maktek.R$attr: int drag_enabled
akturk.maktek.R$attr: int drag_handle_id
akturk.maktek.R$attr: int drag_scroll_start
akturk.maktek.R$attr: int drag_start_mode
akturk.maktek.R$attr: int drop_animation_duration
akturk.maktek.R$attr: int environment
akturk.maktek.R$attr: int fling_handle_id
akturk.maktek.R$attr: int float_alpha
akturk.maktek.R$attr: int float_background_color
akturk.maktek.R$attr: int fragmentMode
akturk.maktek.R$attr: int fragmentStyle
akturk.maktek.R$attr: int mapType
akturk.maktek.R$attr: int maskedWalletDetailsBackground
akturk.maktek.R$attr: int maskedWalletDetailsButtonBackground
akturk.maktek.R$attr: int maskedWalletDetailsButtonTextAppearance
akturk.maktek.R$attr: int maskedWalletDetailsHeaderTextAppearance
akturk.maktek.R$attr: int maskedWalletDetailsLogoImageType
akturk.maktek.R$color
akturk.maktek.R$color: int alert
akturk.maktek.R$color: int background_tab_pressed
akturk.maktek.R$color: int common_action_bar_splitter
akturk.maktek.R$color: int common_signin_btn_dark_text_default
akturk.maktek.R$color: int common_signin_btn_dark_text_disabled
akturk.maktek.R$color: int common_signin_btn_dark_text_focused
akturk.maktek.R$color: int common_signin_btn_dark_text_pressed
akturk.maktek.R$color: int common_signin_btn_default_background
akturk.maktek.R$color: int common_signin_btn_light_text_default
akturk.maktek.R$color: int common_signin_btn_light_text_disabled
akturk.maktek.R$color: int common_signin_btn_light_text_focused
akturk.maktek.R$color: int common_signin_btn_light_text_pressed
akturk.maktek.R$color: int common_signin_btn_text_dark
akturk.maktek.R$color: int common_signin_btn_text_light
akturk.maktek.R$color: int confirm
akturk.maktek.R$color: int drawer_divider_color
akturk.maktek.R$color: int drawer_normal_color
akturk.maktek.R$color: int drawer_selected_color
akturk.maktek.R$color: int info
akturk.maktek.R$color: int maktek_alternative_color
akturk.maktek.R$color: int maktek_color
akturk.maktek.R$color: int maktek_secondry_color
akturk.maktek.R$color: int saloon_cadcam_and_control_systems
akturk.maktek.R$color: int saloon_international_participations_and_other
akturk.maktek.R$color: int saloon_machine_tools
akturk.maktek.R$color: int saloon_metal_processing_technologies
...
de.flapdoodle.embed.process.config.store.DownloadConfigBuilder$DownloadPrefix
de.flapdoodle.embed.process.config.store.DownloadConfigBuilder$DownloadPrefix: DownloadConfigBuilder$DownloadPrefix(java.lang.String)
de.flapdoodle.embed.process.config.store.DownloadConfigBuilder$ImmutableDownloadConfig
de.flapdoodle.embed.process.config.store.DownloadConfigBuilder$ImmutableDownloadConfig: DownloadConfigBuilder$ImmutableDownloadConfig(de.flapdoodle.embed.process.config.store.IDownloadPath,java.lang.String,de.flapdoodle.embed.process.config.store.IPackageResolver,de.flapdoodle.embed.process.io.directories.IDirectory,de.flapdoodle.embed.process.extract.ITempNaming,de.flapdoodle.embed.process.io.progress.IProgressListener,java.lang.String,de.flapdoodle.embed.process.config.store.ITimeoutConfig,de.flapdoodle.embed.process.config.store.IProxyFactory)
de.flapdoodle.embed.process.config.store.DownloadConfigBuilder$ImmutableDownloadConfig: de.flapdoodle.embed.process.config.store.IDownloadPath getDownloadPath()
de.flapdoodle.embed.process.config.store.DownloadConfigBuilder$ImmutableDownloadConfig: de.flapdoodle.embed.process.io.progress.IProgressListener getProgressListener()
de.flapdoodle.embed.process.config.store.DownloadConfigBuilder$ImmutableDownloadConfig: de.flapdoodle.embed.process.io.directories.IDirectory getArtifactStorePath()
de.flapdoodle.embed.process.config.store.DownloadConfigBuilder$ImmutableDownloadConfig: de.flapdoodle.embed.process.extract.ITempNaming getFileNaming()
de.flapdoodle.embed.process.config.store.DownloadConfigBuilder$ImmutableDownloadConfig: java.lang.String getDownloadPrefix()
de.flapdoodle.embed.process.config.store.DownloadConfigBuilder$UserAgent
de.flapdoodle.embed.process.config.store.DownloadConfigBuilder$UserAgent: DownloadConfigBuilder$UserAgent(java.lang.String)
de.flapdoodle.embed.process.config.store.DownloadPath
de.flapdoodle.embed.process.config.store.DownloadPath: DownloadPath(java.lang.String)
de.flapdoodle.embed.process.config.store.DownloadPath: java.lang.String getPath(de.flapdoodle.embed.process.distribution.Distribution)
de.flapdoodle.embed.process.config.store.FileSet
de.flapdoodle.embed.process.config.store.FileSet: FileSet(java.util.Collection)
de.flapdoodle.embed.process.config.store.FileSet: java.util.List entries()
de.flapdoodle.embed.process.config.store.FileSet: de.flapdoodle.embed.process.config.store.FileSet$Builder builder()
de.flapdoodle.embed.process.config.store.FileSet$Builder
de.flapdoodle.embed.process.config.store.FileSet$Builder: FileSet$Builder()
de.flapdoodle.embed.process.config.store.FileSet$Builder: de.flapdoodle.embed.process.config.store.FileSet$Builder addEntry(de.flapdoodle.embed.process.config.store.FileType,java.lang.String)
de.flapdoodle.embed.process.config.store.FileSet$Builder: de.flapdoodle.embed.process.config.store.FileSet$Builder addEntry(de.flapdoodle.embed.process.config.store.FileType,java.lang.String,java.lang.String)
de.flapdoodle.embed.process.config.store.FileSet$Builder: de.flapdoodle.embed.process.config.store.FileSet$Builder addEntry(de.flapdoodle.embed.process.config.store.FileType,java.lang.String,java.util.regex.Pattern)
de.flapdoodle.embed.process.config.store.FileSet$Builder: de.flapdoodle.embed.process.config.store.FileSet build()
de.flapdoodle.embed.process.config.store.FileSet$Entry
de.flapdoodle.embed.process.config.store.FileSet$Entry: FileSet$Entry(de.flapdoodle.embed.process.config.store.FileType,java.lang.String,java.util.regex.Pattern)
de.flapdoodle.embed.process.config.store.FileSet$Entry: de.flapdoodle.embed.process.config.store.FileType type()
de.flapdoodle.embed.process.config.store.FileSet$Entry: java.lang.String destination()
de.flapdoodle.embed.process.config.store.FileSet$Entry: java.util.regex.Pattern matchingPattern()