app/mapping.txt
akturk.maktek.BuildConfig -> akturk.maktek.BuildConfig:
    boolean DEBUG -> DEBUG
    java.lang.String PACKAGE_NAME -> PACKAGE_NAME
    java.lang.String BUILD_TYPE -> BUILD_TYPE
    java.lang.String FLAVOR -> FLAVOR
    int VERSION_CODE -> VERSION_CODE
    java.lang.String VERSION_NAME -> VERSION_NAME
akturk.maktek.R -> akturk.maktek.R:
akturk.maktek.R$array -> akturk.maktek.R$array:
    int media_partners_icon_array -> media_partners_icon_array
    int navigation_icon_array -> navigation_icon_array
    int navigation_title_array -> navigation_title_array
    int sub_navigation_contact_array -> sub_navigation_contact_array
    int sub_navigation_exhibitors_array -> sub_navigation_exhibitors_array
    int sub_navigation_press_array -> sub_navigation_press_array
    int sub_navigation_transportation_array -> sub_navigation_transportation_array
akturk.maktek.R$attr -> akturk.maktek.R$attr:
    int adSize -> adSize
    int adSizes -> adSizes
    int adUnitId -> adUnitId
    int border_color -> border_color
    int border_width -> border_width
    int buyButtonAppearance -> buyButtonAppearance
    int buyButtonHeight -> buyButtonHeight
    int buyButtonText -> buyButtonText
    int buyButtonWidth -> buyButtonWidth
    int cameraBearing -> cameraBearing
    int cameraTargetLat -> cameraTargetLat
    int cameraTargetLng -> cameraTargetLng
    int cameraTilt -> cameraTilt
    int cameraZoom -> cameraZoom
    int click_remove_id -> click_remove_id
    int collapsed_height -> collapsed_height
    int drag_enabled -> drag_enabled
    int drag_handle_id -> drag_handle_id
    int drag_scroll_start -> drag_scroll_start
    int drag_start_mode -> drag_start_mode
    int drop_animation_duration -> drop_animation_duration
    int environment -> environment
    int fling_handle_id -> fling_handle_id
    int float_alpha -> float_alpha
    int float_background_color -> float_background_color
    int fragmentMode -> fragmentMode
    int fragmentStyle -> fragmentStyle
    int mapType -> mapType
    int maskedWalletDetailsBackground -> maskedWalletDetailsBackground
    int maskedWalletDetailsButtonBackground -> maskedWalletDetailsButtonBackground
    int maskedWalletDetailsButtonTextAppearance -> maskedWalletDetailsButtonTextAppearance
    int maskedWalletDetailsHeaderTextAppearance -> maskedWalletDetailsHeaderTextAppearance
akturk.maktek.R$color -> akturk.maktek.R$color:
    int alert -> alert
    int background_tab_pressed -> background_tab_pressed
    int common_action_bar_splitter -> common_action_bar_splitter
    int common_signin_btn_dark_text_default -> common_signin_btn_dark_text_default
    int common_signin_btn_dark_text_disabled -> common_signin_btn_dark_text_disabled
    int common_signin_btn_dark_text_focused -> common_signin_btn_dark_text_focused
    int common_signin_btn_dark_text_pressed -> common_signin_btn_dark_text_pressed
    int common_signin_btn_default_background -> common_signin_btn_default_background
    int common_signin_btn_light_text_default -> common_signin_btn_light_text_default
    int common_signin_btn_light_text_disabled -> common_signin_btn_light_text_disabled
    int common_signin_btn_light_text_focused -> common_signin_btn_light_text_focused
    int common_signin_btn_light_text_pressed -> common_signin_btn_light_text_pressed
    int common_signin_btn_text_dark -> common_signin_btn_text_dark
    int common_signin_btn_text_light -> common_signin_btn_text_light
    int confirm -> confirm
    int drawer_divider_color -> drawer_divider_color
    int drawer_normal_color -> drawer_normal_color
    int drawer_selected_color -> drawer_selected_color
    int info -> info
    int maktek_alternative_color -> maktek_alternative_color
    int maktek_color -> maktek_color
    int maktek_secondry_color -> maktek_secondry_color
...
com.google.android.gms.internal.gh -> com.google.android.gms.internal.gh:
    com.google.android.gms.internal.gn BG -> a
    com.google.android.gms.cast.ApplicationMetadata BH -> b
    com.google.android.gms.cast.CastDevice BI -> e
    com.google.android.gms.cast.Cast$Listener Ae -> f
    android.os.Handler mHandler -> g
    com.google.android.gms.internal.gm BJ -> h
    java.util.Map BK -> i
    long BL -> j
    java.lang.String BM -> k
    boolean AQ -> l
    boolean BN -> m
    boolean BO -> n
    boolean BP -> o
    java.util.concurrent.atomic.AtomicBoolean BQ -> p
    double AP -> q
    int BR -> r
    java.util.concurrent.atomic.AtomicLong BS -> s
    java.lang.String BT -> t
    java.lang.String BU -> u
    android.os.Bundle BV -> v
    java.util.Map BW -> w
    com.google.android.gms.internal.gh$b BX -> x
    com.google.android.gms.common.api.a$d BY -> y
    com.google.android.gms.common.api.a$d BZ -> z
    java.lang.Object Ca -> A
    java.lang.Object Cb -> B
    void a(int,android.os.IBinder,android.os.Bundle) -> a
    void disconnect() -> disconnect
    android.os.Bundle ef() -> ef
    java.lang.String bu() -> bu
    java.lang.String bv() -> bv
    com.google.android.gms.internal.gl G(android.os.IBinder) -> G
    void a(com.google.android.gms.internal.hi,com.google.android.gms.internal.hb$e) -> a
    void a(java.lang.String,java.lang.String,com.google.android.gms.common.api.a$d) -> a
    void a(java.lang.String,boolean,com.google.android.gms.common.api.a$d) -> a
com.google.android.gms.internal.gh$1 -> ami:
    com.google.android.gms.internal.gh Cc -> a
    void T(int) -> T
    void a(com.google.android.gms.cast.ApplicationMetadata,java.lang.String,java.lang.String,boolean) -> a
    void U(int) -> U
    void V(int) -> V
    void W(int) -> W
    void onApplicationDisconnected(int) -> onApplicationDisconnected
    void a(java.lang.String,double,boolean) -> a
    void b(com.google.android.gms.internal.gj) -> b
    void b(com.google.android.gms.internal.ge) -> b
    void g(java.lang.String,java.lang.String) -> g
    void b(java.lang.String,byte[]) -> b
    void a(java.lang.String,long,int) -> a
    void a(java.lang.String,long) -> a
    void b(long,int) -> a
    boolean X(int) -> a
com.google.android.gms.internal.gh$1$1 -> amj:
    int Cd -> a
    com.google.android.gms.internal.gh$1 Ce -> b
    void run() -> run
com.google.android.gms.internal.gh$1$2 -> amk:
    com.google.android.gms.internal.gj Cf -> a
    com.google.android.gms.internal.gh$1 Ce -> b
    void run() -> run
com.google.android.gms.internal.gh$1$3 -> aml:
    com.google.android.gms.internal.ge Cg -> a
    com.google.android.gms.internal.gh$1 Ce -> b
    void run() -> run
com.google.android.gms.internal.gh$1$4 -> amm:
    java.lang.String zU -> a
    java.lang.String Ch -> b
    com.google.android.gms.internal.gh$1 Ce -> c
    void run() -> run
com.google.android.gms.internal.gh$a -> amn:
    com.google.android.gms.common.api.Status yz -> a
    com.google.android.gms.cast.ApplicationMetadata Ci -> b
    java.lang.String Cj -> c
    java.lang.String rR -> d
    boolean Ck -> e
    com.google.android.gms.common.api.Status getStatus() -> getStatus
    com.google.android.gms.cast.ApplicationMetadata getApplicationMetadata() -> getApplicationMetadata
    java.lang.String getApplicationStatus() -> getApplicationStatus
    java.lang.String getSessionId() -> getSessionId
    boolean getWasLaunched() -> getWasLaunched
com.google.android.gms.internal.gh$b -> amo:
    com.google.android.gms.internal.gh Cc -> a
    void onConnectionFailed(com.google.android.gms.common.ConnectionResult) -> onConnectionFailed
com.google.android.gms.internal.gi -> com.google.android.gms.internal.gi:
    boolean a(java.lang.Object,java.lang.Object) -> a
    double o(long) -> o
    long b(double) -> b
    void ak(java.lang.String) -> ak
    java.lang.String al(java.lang.String) -> al
    java.lang.String b(java.util.Locale) -> b