app/unused.txt
akturk.maktek.activity.HomeActivity:
    171:182:private void setCalendar()
akturk.maktek.fragment.HomeFragment:
    private static final int STATE_ONSCREEN
    private static final int STATE_OFFSCREEN
    private static final int STATE_RETURNING
akturk.maktek.fragment.NavigationDrawerFragment:
    private static final java.lang.String STATE_SELECTED_POSITION
    private static final java.lang.String PREF_USER_LEARNED_DRAWER
akturk.maktek.provider.ServiceDataProvider:
    private static final java.lang.String NAMESPACE
    private static final java.lang.String URL
akturk.maktek.view.ColoredSearchView:
    33:46:private void setSolidColor(android.view.ViewGroup,java.lang.String)
...
com.google.gson.internal.$Gson$Types$WildcardTypeImpl:
    private static final long serialVersionUID
com.google.gson.internal.Excluder:
    private static final double IGNORE_VERSIONS
com.google.gson.internal.LazilyParsedNumber:
    76:76:private java.lang.Object writeReplace()
com.google.gson.internal.LinkedTreeMap:
    625:625:private java.lang.Object writeReplace()
com.google.gson.internal.bind.TypeAdapters$23:
    private static final java.lang.String YEAR
    private static final java.lang.String MONTH
    private static final java.lang.String DAY_OF_MONTH
    private static final java.lang.String HOUR_OF_DAY
    private static final java.lang.String MINUTE
    private static final java.lang.String SECOND
com.google.gson.stream.JsonReader:
    private static final long MIN_INCOMPLETE_INTEGER
    private static final int PEEKED_NONE
    private static final int PEEKED_BEGIN_OBJECT
    private static final int PEEKED_END_OBJECT
    private static final int PEEKED_BEGIN_ARRAY
    private static final int PEEKED_END_ARRAY
    private static final int PEEKED_TRUE
    private static final int PEEKED_FALSE
    private static final int PEEKED_NULL
    private static final int PEEKED_SINGLE_QUOTED
    private static final int PEEKED_DOUBLE_QUOTED
    private static final int PEEKED_UNQUOTED
    private static final int PEEKED_BUFFERED
    private static final int PEEKED_SINGLE_QUOTED_NAME
    private static final int PEEKED_DOUBLE_QUOTED_NAME
    private static final int PEEKED_UNQUOTED_NAME
    private static final int PEEKED_LONG
    private static final int PEEKED_NUMBER
    private static final int PEEKED_EOF
    private static final int NUMBER_CHAR_NONE
    private static final int NUMBER_CHAR_SIGN
    private static final int NUMBER_CHAR_DIGIT
    private static final int NUMBER_CHAR_DECIMAL
    private static final int NUMBER_CHAR_FRACTION_DIGIT
    private static final int NUMBER_CHAR_EXP_E
    private static final int NUMBER_CHAR_EXP_SIGN
    private static final int NUMBER_CHAR_EXP_DIGIT
com.google.gson.stream.JsonScope
com.google.gson.stream.MalformedJsonException:
    private static final long serialVersionUID
com.mobeta.android.dslv.DragSortListView:
    private static final int IDLE
    private static final int REMOVING
    private static final int DROPPING
    private static final int STOPPED
    private static final int DRAGGING
    private static final int NO_CANCEL
    private static final int ON_TOUCH_EVENT
    private static final int ON_INTERCEPT_TOUCH_EVENT
    private static final int sCacheSize
    847:849:private void printPosData()
    1872:1877:private void adjustItem(int)
    2179:2180:private void invalidateFloatView()
com.mobeta.android.dslv.DragSortListView$DragScroller:
    public static final int STOP
    public static final int UP
    public static final int DOWN
    private int mLastHeader
    private int mFirstFooter
com.mobeta.android.dslv.DragSortListView$LiftAnimator:
    1208:1210:public DragSortListView$LiftAnimator(com.mobeta.android.dslv.DragSortListView,float,int)
com.squareup.picasso.AssetBitmapHunter:
    protected static final java.lang.String ANDROID_ASSET
com.squareup.picasso.ContactsPhotoBitmapHunter:
    private static final int ID_LOOKUP
    private static final int ID_THUMBNAIL
    private static final int ID_CONTACT
    private static final int ID_DISPLAY_PHOTO
com.squareup.picasso.ContactsPhotoBitmapHunter$ContactPhotoStreamIcs:
    123:123:private ContactsPhotoBitmapHunter$ContactPhotoStreamIcs()
com.squareup.picasso.DeferredRequestCreator:
    30:31:DeferredRequestCreator(com.squareup.picasso.RequestCreator,android.widget.ImageView)